<?xml version="1.0" encoding="UTF-8"?>
<coverage generated="1524616458311" clover="3.2.0">
  <project timestamp="1524616458312" name="All files">
    <metrics statements="91" coveredstatements="54" conditionals="8" coveredconditionals="1" methods="30" coveredmethods="13" elements="129" coveredelements="68" complexity="0" loc="91" ncloc="91" packages="2" files="4" classes="4">
      <package name="client.components">
        <metrics statements="75" coveredstatements="41" conditionals="8" coveredconditionals="1" methods="26" coveredmethods="12"/>
        <file name="Description.jsx" path="/Users/oliverhan/dev/front-end-capstone/reviews/client/components/Description.jsx">
          <metrics statements="16" coveredstatements="15" conditionals="0" coveredconditionals="0" methods="7" coveredmethods="6"/>
          <line num="9" count="1" type="stmt"/>
          <line num="10" count="1" type="stmt"/>
          <line num="21" count="1" type="stmt"/>
          <line num="25" count="1" type="stmt"/>
          <line num="30" count="1" type="stmt"/>
          <line num="35" count="1" type="stmt"/>
          <line num="36" count="1" type="stmt"/>
          <line num="38" count="1" type="stmt"/>
          <line num="40" count="0" type="stmt"/>
          <line num="54" count="1" type="stmt"/>
          <line num="55" count="1" type="stmt"/>
          <line num="56" count="1" type="stmt"/>
          <line num="59" count="1" type="stmt"/>
          <line num="60" count="1" type="stmt"/>
          <line num="64" count="1" type="stmt"/>
          <line num="96" count="2" type="stmt"/>
        </file>
        <file name="Review.jsx" path="/Users/oliverhan/dev/front-end-capstone/reviews/client/components/Review.jsx">
          <metrics statements="25" coveredstatements="0" conditionals="6" coveredconditionals="0" methods="6" coveredmethods="0"/>
          <line num="6" count="0" type="stmt"/>
          <line num="7" count="0" type="stmt"/>
          <line num="11" count="0" type="stmt"/>
          <line num="14" count="0" type="stmt"/>
          <line num="20" count="0" type="stmt"/>
          <line num="21" count="0" type="stmt"/>
          <line num="22" count="0" type="stmt"/>
          <line num="23" count="0" type="stmt"/>
          <line num="24" count="0" type="stmt"/>
          <line num="25" count="0" type="cond" truecount="0" falsecount="2"/>
          <line num="26" count="0" type="stmt"/>
          <line num="28" count="0" type="stmt"/>
          <line num="32" count="0" type="stmt"/>
          <line num="36" count="0" type="stmt"/>
          <line num="37" count="0" type="stmt"/>
          <line num="39" count="0" type="stmt"/>
          <line num="40" count="0" type="stmt"/>
          <line num="41" count="0" type="stmt"/>
          <line num="44" count="0" type="stmt"/>
          <line num="45" count="0" type="cond" truecount="0" falsecount="2"/>
          <line num="46" count="0" type="stmt"/>
          <line num="53" count="0" type="cond" truecount="0" falsecount="2"/>
          <line num="54" count="0" type="stmt"/>
          <line num="57" count="0" type="stmt"/>
          <line num="62" count="0" type="stmt"/>
        </file>
        <file name="Reviews.jsx" path="/Users/oliverhan/dev/front-end-capstone/reviews/client/components/Reviews.jsx">
          <metrics statements="34" coveredstatements="26" conditionals="2" coveredconditionals="1" methods="13" coveredmethods="6"/>
          <line num="10" count="1" type="stmt"/>
          <line num="41" count="1" type="stmt"/>
          <line num="43" count="1" type="stmt"/>
          <line num="48" count="1" type="stmt"/>
          <line num="49" count="1" type="stmt"/>
          <line num="50" count="1" type="stmt"/>
          <line num="51" count="1" type="stmt"/>
          <line num="54" count="1" type="stmt"/>
          <line num="58" count="0" type="stmt"/>
          <line num="62" count="0" type="stmt"/>
          <line num="66" count="0" type="stmt"/>
          <line num="70" count="1" type="stmt"/>
          <line num="71" count="1" type="stmt"/>
          <line num="72" count="1" type="stmt"/>
          <line num="75" count="0" type="stmt"/>
          <line num="84" count="1" type="stmt"/>
          <line num="85" count="1" type="stmt"/>
          <line num="86" count="1" type="stmt"/>
          <line num="87" count="1" type="stmt"/>
          <line num="88" count="1" type="stmt"/>
          <line num="89" count="5" type="cond" truecount="1" falsecount="1"/>
          <line num="90" count="0" type="stmt"/>
          <line num="92" count="5" type="stmt"/>
          <line num="95" count="1" type="stmt"/>
          <line num="99" count="1" type="stmt"/>
          <line num="100" count="1" type="stmt"/>
          <line num="102" count="1" type="stmt"/>
          <line num="103" count="2" type="stmt"/>
          <line num="105" count="2" type="stmt"/>
          <line num="108" count="1" type="stmt"/>
          <line num="118" count="0" type="stmt"/>
          <line num="127" count="0" type="stmt"/>
          <line num="151" count="0" type="stmt"/>
          <line num="165" count="1" type="stmt"/>
        </file>
      </package>
      <package name="db.models">
        <metrics statements="16" coveredstatements="13" conditionals="0" coveredconditionals="0" methods="4" coveredmethods="1"/>
        <file name="store.js" path="/Users/oliverhan/dev/front-end-capstone/reviews/db/models/store.js">
          <metrics statements="16" coveredstatements="13" conditionals="0" coveredconditionals="0" methods="4" coveredmethods="1"/>
          <line num="1" count="1" type="stmt"/>
          <line num="2" count="1" type="stmt"/>
          <line num="4" count="1" type="stmt"/>
          <line num="20" count="1" type="stmt"/>
          <line num="22" count="1" type="stmt"/>
          <line num="24" count="0" type="stmt"/>
          <line num="27" count="1" type="stmt"/>
          <line num="29" count="6" type="stmt"/>
          <line num="33" count="1" type="stmt"/>
          <line num="35" count="0" type="stmt"/>
          <line num="38" count="1" type="stmt"/>
          <line num="39" count="0" type="stmt"/>
          <line num="43" count="1" type="stmt"/>
          <line num="44" count="1" type="stmt"/>
          <line num="45" count="1" type="stmt"/>
          <line num="46" count="1" type="stmt"/>
        </file>
      </package>
    </metrics>
  </project>
</coverage>
