{"/Users/oliverhan/dev/front-end-capstone/reviews/client/components/Description.jsx": {"path":"/Users/oliverhan/dev/front-end-capstone/reviews/client/components/Description.jsx","statementMap":{"0":{"start":{"line":9,"column":4},"end":{"line":9,"column":17}},"1":{"start":{"line":10,"column":4},"end":{"line":20,"column":6}},"2":{"start":{"line":21,"column":4},"end":{"line":21,"column":52}},"3":{"start":{"line":25,"column":4},"end":{"line":25,"column":24}},"4":{"start":{"line":30,"column":2},"end":{"line":30,"column":46}},"5":{"start":{"line":35,"column":18},"end":{"line":35,"column":22}},"6":{"start":{"line":36,"column":13},"end":{"line":36,"column":47}},"7":{"start":{"line":38,"column":4},"end":{"line":47,"column":6}},"8":{"start":{"line":40,"column":6},"end":{"line":46,"column":8}},"9":{"start":{"line":54,"column":21},"end":{"line":54,"column":23}},"10":{"start":{"line":55,"column":4},"end":{"line":57,"column":5}},"11":{"start":{"line":56,"column":6},"end":{"line":56,"column":27}},"12":{"start":{"line":59,"column":17},"end":{"line":61,"column":6}},"13":{"start":{"line":60,"column":6},"end":{"line":60,"column":20}},"14":{"start":{"line":64,"column":4},"end":{"line":92,"column":6}},"15":{"start":{"line":96,"column":0},"end":{"line":96,"column":32}}},"fnMap":{"0":{"name":"(anonymous_0)","decl":{"start":{"line":8,"column":2},"end":{"line":8,"column":3}},"loc":{"start":{"line":8,"column":21},"end":{"line":23,"column":3}},"line":8},"1":{"name":"(anonymous_1)","decl":{"start":{"line":24,"column":2},"end":{"line":24,"column":3}},"loc":{"start":{"line":24,"column":22},"end":{"line":26,"column":3}},"line":24},"2":{"name":"(anonymous_2)","decl":{"start":{"line":29,"column":2},"end":{"line":29,"column":3}},"loc":{"start":{"line":29,"column":17},"end":{"line":31,"column":3}},"line":29},"3":{"name":"(anonymous_3)","decl":{"start":{"line":34,"column":2},"end":{"line":34,"column":3}},"loc":{"start":{"line":34,"column":17},"end":{"line":48,"column":3}},"line":34},"4":{"name":"(anonymous_4)","decl":{"start":{"line":39,"column":10},"end":{"line":39,"column":11}},"loc":{"start":{"line":39,"column":22},"end":{"line":47,"column":5}},"line":39},"5":{"name":"(anonymous_5)","decl":{"start":{"line":52,"column":2},"end":{"line":52,"column":3}},"loc":{"start":{"line":52,"column":11},"end":{"line":93,"column":3}},"line":52},"6":{"name":"(anonymous_6)","decl":{"start":{"line":59,"column":32},"end":{"line":59,"column":33}},"loc":{"start":{"line":59,"column":44},"end":{"line":61,"column":5}},"line":59}},"branchMap":{},"s":{"0":1,"1":1,"2":1,"3":1,"4":1,"5":1,"6":1,"7":1,"8":0,"9":1,"10":1,"11":1,"12":1,"13":1,"14":1,"15":2},"f":{"0":1,"1":1,"2":1,"3":1,"4":0,"5":1,"6":1},"b":{},"_coverageSchema":"332fd63041d2c1bcb487cc26dd0d5f7d97098a6c","hash":"4ec0dc53606bb2c0ca59e41d11d71f855801e882"}
,"/Users/oliverhan/dev/front-end-capstone/reviews/client/components/Review.jsx": {"path":"/Users/oliverhan/dev/front-end-capstone/reviews/client/components/Review.jsx","statementMap":{"0":{"start":{"line":6,"column":3},"end":{"line":6,"column":16}},"1":{"start":{"line":7,"column":3},"end":{"line":9,"column":5}},"2":{"start":{"line":11,"column":3},"end":{"line":11,"column":62}},"3":{"start":{"line":14,"column":3},"end":{"line":16,"column":5}},"4":{"start":{"line":20,"column":3},"end":{"line":20,"column":24}},"5":{"start":{"line":21,"column":14},"end":{"line":21,"column":17}},"6":{"start":{"line":22,"column":18},"end":{"line":22,"column":21}},"7":{"start":{"line":23,"column":16},"end":{"line":23,"column":18}},"8":{"start":{"line":24,"column":3},"end":{"line":31,"column":4}},"9":{"start":{"line":25,"column":5},"end":{"line":30,"column":6}},"10":{"start":{"line":26,"column":7},"end":{"line":26,"column":22}},"11":{"start":{"line":28,"column":7},"end":{"line":28,"column":27}},"12":{"start":{"line":32,"column":3},"end":{"line":32,"column":16}},"13":{"start":{"line":36,"column":17},"end":{"line":36,"column":37}},"14":{"start":{"line":37,"column":21},"end":{"line":37,"column":37}},"15":{"start":{"line":39,"column":26},"end":{"line":42,"column":5}},"16":{"start":{"line":40,"column":19},"end":{"line":40,"column":41}},"17":{"start":{"line":41,"column":5},"end":{"line":41,"column":26}},"18":{"start":{"line":44,"column":20},"end":{"line":44,"column":24}},"19":{"start":{"line":45,"column":4},"end":{"line":55,"column":5}},"20":{"start":{"line":46,"column":6},"end":{"line":52,"column":9}},"21":{"start":{"line":53,"column":11},"end":{"line":55,"column":5}},"22":{"start":{"line":54,"column":6},"end":{"line":54,"column":28}},"23":{"start":{"line":57,"column":4},"end":{"line":74,"column":5}},"24":{"start":{"line":62,"column":54},"end":{"line":62,"column":78}}},"fnMap":{"0":{"name":"(anonymous_0)","decl":{"start":{"line":5,"column":1},"end":{"line":5,"column":2}},"loc":{"start":{"line":5,"column":20},"end":{"line":12,"column":2}},"line":5},"1":{"name":"(anonymous_1)","decl":{"start":{"line":13,"column":1},"end":{"line":13,"column":2}},"loc":{"start":{"line":13,"column":21},"end":{"line":17,"column":2}},"line":13},"2":{"name":"(anonymous_2)","decl":{"start":{"line":19,"column":1},"end":{"line":19,"column":2}},"loc":{"start":{"line":19,"column":20},"end":{"line":33,"column":2}},"line":19},"3":{"name":"(anonymous_3)","decl":{"start":{"line":35,"column":1},"end":{"line":35,"column":2}},"loc":{"start":{"line":35,"column":10},"end":{"line":75,"column":3}},"line":35},"4":{"name":"(anonymous_4)","decl":{"start":{"line":39,"column":26},"end":{"line":39,"column":27}},"loc":{"start":{"line":39,"column":44},"end":{"line":42,"column":5}},"line":39},"5":{"name":"(anonymous_5)","decl":{"start":{"line":62,"column":48},"end":{"line":62,"column":49}},"loc":{"start":{"line":62,"column":54},"end":{"line":62,"column":78}},"line":62}},"branchMap":{"0":{"loc":{"start":{"line":25,"column":5},"end":{"line":30,"column":6}},"type":"if","locations":[{"start":{"line":25,"column":5},"end":{"line":30,"column":6}},{"start":{"line":25,"column":5},"end":{"line":30,"column":6}}],"line":25},"1":{"loc":{"start":{"line":45,"column":4},"end":{"line":55,"column":5}},"type":"if","locations":[{"start":{"line":45,"column":4},"end":{"line":55,"column":5}},{"start":{"line":45,"column":4},"end":{"line":55,"column":5}}],"line":45},"2":{"loc":{"start":{"line":53,"column":11},"end":{"line":55,"column":5}},"type":"if","locations":[{"start":{"line":53,"column":11},"end":{"line":55,"column":5}},{"start":{"line":53,"column":11},"end":{"line":55,"column":5}}],"line":53}},"s":{"0":0,"1":0,"2":0,"3":0,"4":0,"5":0,"6":0,"7":0,"8":0,"9":0,"10":0,"11":0,"12":0,"13":0,"14":0,"15":0,"16":0,"17":0,"18":0,"19":0,"20":0,"21":0,"22":0,"23":0,"24":0},"f":{"0":0,"1":0,"2":0,"3":0,"4":0,"5":0},"b":{"0":[0,0],"1":[0,0],"2":[0,0]},"_coverageSchema":"332fd63041d2c1bcb487cc26dd0d5f7d97098a6c","hash":"4f7e6497758e22bbbc19c20ee202dfc8e03da3e2"}
,"/Users/oliverhan/dev/front-end-capstone/reviews/client/components/Reviews.jsx": {"path":"/Users/oliverhan/dev/front-end-capstone/reviews/client/components/Reviews.jsx","statementMap":{"0":{"start":{"line":10,"column":21},"end":{"line":36,"column":3}},"1":{"start":{"line":41,"column":4},"end":{"line":41,"column":17}},"2":{"start":{"line":43,"column":4},"end":{"line":47,"column":6}},"3":{"start":{"line":48,"column":4},"end":{"line":48,"column":52}},"4":{"start":{"line":49,"column":4},"end":{"line":49,"column":47}},"5":{"start":{"line":50,"column":4},"end":{"line":50,"column":57}},"6":{"start":{"line":51,"column":4},"end":{"line":51,"column":49}},"7":{"start":{"line":54,"column":4},"end":{"line":54,"column":24}},"8":{"start":{"line":58,"column":4},"end":{"line":58,"column":39}},"9":{"start":{"line":62,"column":4},"end":{"line":62,"column":39}},"10":{"start":{"line":66,"column":4},"end":{"line":66,"column":40}},"11":{"start":{"line":70,"column":18},"end":{"line":70,"column":22}},"12":{"start":{"line":71,"column":13},"end":{"line":71,"column":47}},"13":{"start":{"line":72,"column":4},"end":{"line":79,"column":6}},"14":{"start":{"line":75,"column":6},"end":{"line":78,"column":8}},"15":{"start":{"line":84,"column":5},"end":{"line":84,"column":26}},"16":{"start":{"line":85,"column":16},"end":{"line":85,"column":19}},"17":{"start":{"line":86,"column":20},"end":{"line":86,"column":23}},"18":{"start":{"line":87,"column":18},"end":{"line":87,"column":20}},"19":{"start":{"line":88,"column":5},"end":{"line":94,"column":6}},"20":{"start":{"line":89,"column":7},"end":{"line":93,"column":8}},"21":{"start":{"line":90,"column":9},"end":{"line":90,"column":24}},"22":{"start":{"line":92,"column":9},"end":{"line":92,"column":29}},"23":{"start":{"line":95,"column":5},"end":{"line":95,"column":19}},"24":{"start":{"line":99,"column":17},"end":{"line":99,"column":54}},"25":{"start":{"line":100,"column":26},"end":{"line":100,"column":58}},"26":{"start":{"line":102,"column":27},"end":{"line":106,"column":5}},"27":{"start":{"line":103,"column":20},"end":{"line":103,"column":42}},"28":{"start":{"line":105,"column":6},"end":{"line":105,"column":27}},"29":{"start":{"line":108,"column":5},"end":{"line":161,"column":6}},"30":{"start":{"line":118,"column":36},"end":{"line":118,"column":60}},"31":{"start":{"line":127,"column":14},"end":{"line":130,"column":16}},"32":{"start":{"line":151,"column":13},"end":{"line":154,"column":15}},"33":{"start":{"line":165,"column":0},"end":{"line":165,"column":24}}},"fnMap":{"0":{"name":"(anonymous_0)","decl":{"start":{"line":40,"column":2},"end":{"line":40,"column":3}},"loc":{"start":{"line":40,"column":21},"end":{"line":52,"column":3}},"line":40},"1":{"name":"(anonymous_1)","decl":{"start":{"line":53,"column":2},"end":{"line":53,"column":3}},"loc":{"start":{"line":53,"column":22},"end":{"line":55,"column":3}},"line":53},"2":{"name":"(anonymous_2)","decl":{"start":{"line":57,"column":2},"end":{"line":57,"column":3}},"loc":{"start":{"line":57,"column":14},"end":{"line":59,"column":3}},"line":57},"3":{"name":"(anonymous_3)","decl":{"start":{"line":61,"column":2},"end":{"line":61,"column":3}},"loc":{"start":{"line":61,"column":19},"end":{"line":63,"column":3}},"line":61},"4":{"name":"(anonymous_4)","decl":{"start":{"line":65,"column":2},"end":{"line":65,"column":3}},"loc":{"start":{"line":65,"column":15},"end":{"line":67,"column":3}},"line":65},"5":{"name":"(anonymous_5)","decl":{"start":{"line":69,"column":2},"end":{"line":69,"column":3}},"loc":{"start":{"line":69,"column":17},"end":{"line":80,"column":3}},"line":69},"6":{"name":"(anonymous_6)","decl":{"start":{"line":73,"column":10},"end":{"line":73,"column":11}},"loc":{"start":{"line":73,"column":22},"end":{"line":79,"column":5}},"line":73},"7":{"name":"(anonymous_7)","decl":{"start":{"line":83,"column":3},"end":{"line":83,"column":4}},"loc":{"start":{"line":83,"column":22},"end":{"line":96,"column":4}},"line":83},"8":{"name":"(anonymous_8)","decl":{"start":{"line":98,"column":3},"end":{"line":98,"column":4}},"loc":{"start":{"line":98,"column":12},"end":{"line":162,"column":4}},"line":98},"9":{"name":"(anonymous_9)","decl":{"start":{"line":102,"column":27},"end":{"line":102,"column":28}},"loc":{"start":{"line":102,"column":45},"end":{"line":106,"column":5}},"line":102},"10":{"name":"(anonymous_10)","decl":{"start":{"line":118,"column":24},"end":{"line":118,"column":25}},"loc":{"start":{"line":118,"column":36},"end":{"line":118,"column":60}},"line":118},"11":{"name":"(anonymous_11)","decl":{"start":{"line":126,"column":39},"end":{"line":126,"column":40}},"loc":{"start":{"line":127,"column":14},"end":{"line":130,"column":16}},"line":127},"12":{"name":"(anonymous_12)","decl":{"start":{"line":150,"column":31},"end":{"line":150,"column":32}},"loc":{"start":{"line":151,"column":13},"end":{"line":154,"column":15}},"line":151}},"branchMap":{"0":{"loc":{"start":{"line":89,"column":7},"end":{"line":93,"column":8}},"type":"if","locations":[{"start":{"line":89,"column":7},"end":{"line":93,"column":8}},{"start":{"line":89,"column":7},"end":{"line":93,"column":8}}],"line":89}},"s":{"0":1,"1":1,"2":1,"3":1,"4":1,"5":1,"6":1,"7":1,"8":0,"9":0,"10":0,"11":1,"12":1,"13":1,"14":0,"15":1,"16":1,"17":1,"18":1,"19":1,"20":5,"21":0,"22":5,"23":1,"24":1,"25":1,"26":1,"27":2,"28":2,"29":1,"30":0,"31":0,"32":0,"33":1},"f":{"0":1,"1":1,"2":0,"3":0,"4":0,"5":1,"6":0,"7":1,"8":1,"9":2,"10":0,"11":0,"12":0},"b":{"0":[0,5]},"_coverageSchema":"332fd63041d2c1bcb487cc26dd0d5f7d97098a6c","hash":"b7b480ed4cadad95c2a4803c2d473230db113b40"}
,"/Users/oliverhan/dev/front-end-capstone/reviews/db/models/store.js": {"path":"/Users/oliverhan/dev/front-end-capstone/reviews/db/models/store.js","statementMap":{"0":{"start":{"line":1,"column":15},"end":{"line":1,"column":34}},"1":{"start":{"line":2,"column":0},"end":{"line":2,"column":56}},"2":{"start":{"line":4,"column":18},"end":{"line":18,"column":2}},"3":{"start":{"line":20,"column":12},"end":{"line":20,"column":48}},"4":{"start":{"line":22,"column":14},"end":{"line":25,"column":1}},"5":{"start":{"line":24,"column":3},"end":{"line":24,"column":47}},"6":{"start":{"line":27,"column":14},"end":{"line":30,"column":1}},"7":{"start":{"line":29,"column":2},"end":{"line":29,"column":47}},"8":{"start":{"line":33,"column":16},"end":{"line":36,"column":1}},"9":{"start":{"line":35,"column":2},"end":{"line":35,"column":32}},"10":{"start":{"line":38,"column":16},"end":{"line":40,"column":1}},"11":{"start":{"line":39,"column":2},"end":{"line":39,"column":22}},"12":{"start":{"line":43,"column":0},"end":{"line":43,"column":26}},"13":{"start":{"line":44,"column":0},"end":{"line":44,"column":26}},"14":{"start":{"line":45,"column":0},"end":{"line":45,"column":30}},"15":{"start":{"line":46,"column":0},"end":{"line":46,"column":26}}},"fnMap":{"0":{"name":"(anonymous_0)","decl":{"start":{"line":22,"column":14},"end":{"line":22,"column":15}},"loc":{"start":{"line":22,"column":28},"end":{"line":25,"column":1}},"line":22},"1":{"name":"(anonymous_1)","decl":{"start":{"line":27,"column":14},"end":{"line":27,"column":15}},"loc":{"start":{"line":27,"column":32},"end":{"line":30,"column":1}},"line":27},"2":{"name":"(anonymous_2)","decl":{"start":{"line":33,"column":16},"end":{"line":33,"column":17}},"loc":{"start":{"line":33,"column":37},"end":{"line":36,"column":1}},"line":33},"3":{"name":"(anonymous_3)","decl":{"start":{"line":38,"column":16},"end":{"line":38,"column":17}},"loc":{"start":{"line":38,"column":24},"end":{"line":40,"column":1}},"line":38}},"branchMap":{},"s":{"0":1,"1":1,"2":1,"3":1,"4":1,"5":0,"6":1,"7":6,"8":1,"9":0,"10":1,"11":0,"12":1,"13":1,"14":1,"15":1},"f":{"0":0,"1":6,"2":0,"3":0},"b":{},"_coverageSchema":"332fd63041d2c1bcb487cc26dd0d5f7d97098a6c","hash":"e7eb50cb5bc0f35a3bd303a8cfb51b6f25ce5325"}
}
