{"/Users/oliverhan/dev/front-end-capstone/reviews/client/components/Description.jsx": {"path":"/Users/oliverhan/dev/front-end-capstone/reviews/client/components/Description.jsx","statementMap":{"0":{"start":{"line":8,"column":4},"end":{"line":8,"column":17}},"1":{"start":{"line":9,"column":4},"end":{"line":19,"column":6}},"2":{"start":{"line":20,"column":4},"end":{"line":20,"column":52}},"3":{"start":{"line":24,"column":4},"end":{"line":24,"column":24}},"4":{"start":{"line":29,"column":4},"end":{"line":29,"column":48}},"5":{"start":{"line":34,"column":18},"end":{"line":34,"column":22}},"6":{"start":{"line":35,"column":13},"end":{"line":35,"column":47}},"7":{"start":{"line":36,"column":4},"end":{"line":48,"column":6}},"8":{"start":{"line":38,"column":6},"end":{"line":44,"column":8}},"9":{"start":{"line":47,"column":6},"end":{"line":47,"column":33}},"10":{"start":{"line":54,"column":21},"end":{"line":54,"column":23}},"11":{"start":{"line":55,"column":4},"end":{"line":57,"column":5}},"12":{"start":{"line":56,"column":6},"end":{"line":56,"column":27}},"13":{"start":{"line":58,"column":17},"end":{"line":60,"column":6}},"14":{"start":{"line":59,"column":6},"end":{"line":59,"column":20}},"15":{"start":{"line":62,"column":4},"end":{"line":90,"column":6}}},"fnMap":{"0":{"name":"(anonymous_0)","decl":{"start":{"line":7,"column":2},"end":{"line":7,"column":3}},"loc":{"start":{"line":7,"column":21},"end":{"line":22,"column":3}},"line":7},"1":{"name":"(anonymous_1)","decl":{"start":{"line":23,"column":2},"end":{"line":23,"column":3}},"loc":{"start":{"line":23,"column":22},"end":{"line":25,"column":3}},"line":23},"2":{"name":"(anonymous_2)","decl":{"start":{"line":28,"column":2},"end":{"line":28,"column":3}},"loc":{"start":{"line":28,"column":17},"end":{"line":30,"column":3}},"line":28},"3":{"name":"(anonymous_3)","decl":{"start":{"line":33,"column":2},"end":{"line":33,"column":3}},"loc":{"start":{"line":33,"column":17},"end":{"line":49,"column":3}},"line":33},"4":{"name":"(anonymous_4)","decl":{"start":{"line":37,"column":10},"end":{"line":37,"column":11}},"loc":{"start":{"line":37,"column":22},"end":{"line":45,"column":5}},"line":37},"5":{"name":"(anonymous_5)","decl":{"start":{"line":46,"column":11},"end":{"line":46,"column":12}},"loc":{"start":{"line":46,"column":20},"end":{"line":48,"column":5}},"line":46},"6":{"name":"(anonymous_6)","decl":{"start":{"line":53,"column":2},"end":{"line":53,"column":3}},"loc":{"start":{"line":53,"column":11},"end":{"line":91,"column":3}},"line":53},"7":{"name":"(anonymous_7)","decl":{"start":{"line":58,"column":32},"end":{"line":58,"column":33}},"loc":{"start":{"line":58,"column":44},"end":{"line":60,"column":5}},"line":58}},"branchMap":{},"s":{"0":1,"1":1,"2":1,"3":1,"4":1,"5":1,"6":1,"7":1,"8":0,"9":0,"10":1,"11":1,"12":1,"13":1,"14":1,"15":1},"f":{"0":1,"1":1,"2":1,"3":1,"4":0,"5":0,"6":1,"7":1},"b":{},"_coverageSchema":"332fd63041d2c1bcb487cc26dd0d5f7d97098a6c","hash":"9e89b033b4a9b1f82377a222f02f48105a5270af"}
,"/Users/oliverhan/dev/front-end-capstone/reviews/client/components/Review.jsx": {"path":"/Users/oliverhan/dev/front-end-capstone/reviews/client/components/Review.jsx","statementMap":{"0":{"start":{"line":6,"column":3},"end":{"line":6,"column":16}},"1":{"start":{"line":7,"column":3},"end":{"line":9,"column":5}},"2":{"start":{"line":11,"column":3},"end":{"line":11,"column":62}},"3":{"start":{"line":14,"column":3},"end":{"line":16,"column":5}},"4":{"start":{"line":21,"column":16},"end":{"line":21,"column":36}},"5":{"start":{"line":22,"column":20},"end":{"line":22,"column":36}},"6":{"start":{"line":23,"column":25},"end":{"line":26,"column":4}},"7":{"start":{"line":24,"column":19},"end":{"line":24,"column":41}},"8":{"start":{"line":25,"column":5},"end":{"line":25,"column":26}},"9":{"start":{"line":27,"column":19},"end":{"line":27,"column":23}},"10":{"start":{"line":28,"column":3},"end":{"line":38,"column":4}},"11":{"start":{"line":29,"column":5},"end":{"line":35,"column":7}},"12":{"start":{"line":36,"column":10},"end":{"line":38,"column":4}},"13":{"start":{"line":37,"column":5},"end":{"line":37,"column":27}},"14":{"start":{"line":39,"column":3},"end":{"line":56,"column":5}},"15":{"start":{"line":44,"column":54},"end":{"line":44,"column":78}}},"fnMap":{"0":{"name":"(anonymous_0)","decl":{"start":{"line":5,"column":1},"end":{"line":5,"column":2}},"loc":{"start":{"line":5,"column":20},"end":{"line":12,"column":2}},"line":5},"1":{"name":"(anonymous_1)","decl":{"start":{"line":13,"column":1},"end":{"line":13,"column":2}},"loc":{"start":{"line":13,"column":21},"end":{"line":17,"column":2}},"line":13},"2":{"name":"(anonymous_2)","decl":{"start":{"line":20,"column":1},"end":{"line":20,"column":2}},"loc":{"start":{"line":20,"column":10},"end":{"line":57,"column":3}},"line":20},"3":{"name":"(anonymous_3)","decl":{"start":{"line":23,"column":25},"end":{"line":23,"column":26}},"loc":{"start":{"line":23,"column":43},"end":{"line":26,"column":4}},"line":23},"4":{"name":"(anonymous_4)","decl":{"start":{"line":44,"column":48},"end":{"line":44,"column":49}},"loc":{"start":{"line":44,"column":54},"end":{"line":44,"column":78}},"line":44}},"branchMap":{"0":{"loc":{"start":{"line":28,"column":3},"end":{"line":38,"column":4}},"type":"if","locations":[{"start":{"line":28,"column":3},"end":{"line":38,"column":4}},{"start":{"line":28,"column":3},"end":{"line":38,"column":4}}],"line":28},"1":{"loc":{"start":{"line":36,"column":10},"end":{"line":38,"column":4}},"type":"if","locations":[{"start":{"line":36,"column":10},"end":{"line":38,"column":4}},{"start":{"line":36,"column":10},"end":{"line":38,"column":4}}],"line":36}},"s":{"0":2,"1":2,"2":2,"3":0,"4":2,"5":2,"6":2,"7":2,"8":2,"9":2,"10":2,"11":2,"12":0,"13":0,"14":2,"15":0},"f":{"0":2,"1":0,"2":2,"3":2,"4":0},"b":{"0":[2,0],"1":[0,0]},"_coverageSchema":"332fd63041d2c1bcb487cc26dd0d5f7d97098a6c","hash":"54d02f5d02ae70f97e84902b9abab24b5f893c3c"}
,"/Users/oliverhan/dev/front-end-capstone/reviews/client/components/Reviews.jsx": {"path":"/Users/oliverhan/dev/front-end-capstone/reviews/client/components/Reviews.jsx","statementMap":{"0":{"start":{"line":8,"column":21},"end":{"line":34,"column":3}},"1":{"start":{"line":39,"column":4},"end":{"line":39,"column":17}},"2":{"start":{"line":41,"column":4},"end":{"line":45,"column":6}},"3":{"start":{"line":46,"column":4},"end":{"line":46,"column":52}},"4":{"start":{"line":47,"column":4},"end":{"line":47,"column":47}},"5":{"start":{"line":48,"column":4},"end":{"line":48,"column":57}},"6":{"start":{"line":49,"column":4},"end":{"line":49,"column":49}},"7":{"start":{"line":52,"column":4},"end":{"line":52,"column":24}},"8":{"start":{"line":56,"column":4},"end":{"line":56,"column":39}},"9":{"start":{"line":60,"column":4},"end":{"line":60,"column":39}},"10":{"start":{"line":64,"column":4},"end":{"line":64,"column":40}},"11":{"start":{"line":68,"column":18},"end":{"line":68,"column":22}},"12":{"start":{"line":69,"column":13},"end":{"line":69,"column":47}},"13":{"start":{"line":70,"column":4},"end":{"line":80,"column":6}},"14":{"start":{"line":73,"column":6},"end":{"line":76,"column":8}},"15":{"start":{"line":79,"column":6},"end":{"line":79,"column":33}},"16":{"start":{"line":84,"column":26},"end":{"line":84,"column":58}},"17":{"start":{"line":85,"column":27},"end":{"line":88,"column":6}},"18":{"start":{"line":86,"column":21},"end":{"line":86,"column":43}},"19":{"start":{"line":87,"column":7},"end":{"line":87,"column":28}},"20":{"start":{"line":90,"column":5},"end":{"line":140,"column":6}},"21":{"start":{"line":100,"column":36},"end":{"line":100,"column":60}},"22":{"start":{"line":109,"column":14},"end":{"line":112,"column":16}},"23":{"start":{"line":130,"column":13},"end":{"line":133,"column":15}}},"fnMap":{"0":{"name":"(anonymous_0)","decl":{"start":{"line":38,"column":2},"end":{"line":38,"column":3}},"loc":{"start":{"line":38,"column":21},"end":{"line":50,"column":3}},"line":38},"1":{"name":"(anonymous_1)","decl":{"start":{"line":51,"column":2},"end":{"line":51,"column":3}},"loc":{"start":{"line":51,"column":22},"end":{"line":53,"column":3}},"line":51},"2":{"name":"(anonymous_2)","decl":{"start":{"line":55,"column":2},"end":{"line":55,"column":3}},"loc":{"start":{"line":55,"column":14},"end":{"line":57,"column":3}},"line":55},"3":{"name":"(anonymous_3)","decl":{"start":{"line":59,"column":2},"end":{"line":59,"column":3}},"loc":{"start":{"line":59,"column":19},"end":{"line":61,"column":3}},"line":59},"4":{"name":"(anonymous_4)","decl":{"start":{"line":63,"column":2},"end":{"line":63,"column":3}},"loc":{"start":{"line":63,"column":15},"end":{"line":65,"column":3}},"line":63},"5":{"name":"(anonymous_5)","decl":{"start":{"line":67,"column":2},"end":{"line":67,"column":3}},"loc":{"start":{"line":67,"column":17},"end":{"line":81,"column":3}},"line":67},"6":{"name":"(anonymous_6)","decl":{"start":{"line":71,"column":10},"end":{"line":71,"column":11}},"loc":{"start":{"line":71,"column":22},"end":{"line":77,"column":5}},"line":71},"7":{"name":"(anonymous_7)","decl":{"start":{"line":78,"column":11},"end":{"line":78,"column":12}},"loc":{"start":{"line":78,"column":20},"end":{"line":80,"column":5}},"line":78},"8":{"name":"(anonymous_8)","decl":{"start":{"line":83,"column":3},"end":{"line":83,"column":4}},"loc":{"start":{"line":83,"column":12},"end":{"line":141,"column":4}},"line":83},"9":{"name":"(anonymous_9)","decl":{"start":{"line":85,"column":27},"end":{"line":85,"column":28}},"loc":{"start":{"line":85,"column":45},"end":{"line":88,"column":6}},"line":85},"10":{"name":"(anonymous_10)","decl":{"start":{"line":100,"column":24},"end":{"line":100,"column":25}},"loc":{"start":{"line":100,"column":36},"end":{"line":100,"column":60}},"line":100},"11":{"name":"(anonymous_11)","decl":{"start":{"line":108,"column":39},"end":{"line":108,"column":40}},"loc":{"start":{"line":109,"column":14},"end":{"line":112,"column":16}},"line":109},"12":{"name":"(anonymous_12)","decl":{"start":{"line":129,"column":31},"end":{"line":129,"column":32}},"loc":{"start":{"line":130,"column":13},"end":{"line":133,"column":15}},"line":130}},"branchMap":{},"s":{"0":1,"1":1,"2":1,"3":1,"4":1,"5":1,"6":1,"7":1,"8":0,"9":0,"10":0,"11":1,"12":1,"13":1,"14":0,"15":0,"16":1,"17":1,"18":2,"19":2,"20":1,"21":0,"22":0,"23":0},"f":{"0":1,"1":1,"2":0,"3":0,"4":0,"5":1,"6":0,"7":0,"8":1,"9":2,"10":0,"11":0,"12":0},"b":{},"_coverageSchema":"332fd63041d2c1bcb487cc26dd0d5f7d97098a6c","hash":"7e135fc9c47ec13783072cf4e3041d2131bd06bf"}
,"/Users/oliverhan/dev/front-end-capstone/reviews/db/models/store.js": {"path":"/Users/oliverhan/dev/front-end-capstone/reviews/db/models/store.js","statementMap":{"0":{"start":{"line":1,"column":15},"end":{"line":1,"column":34}},"1":{"start":{"line":2,"column":0},"end":{"line":2,"column":56}},"2":{"start":{"line":4,"column":18},"end":{"line":18,"column":2}},"3":{"start":{"line":20,"column":12},"end":{"line":20,"column":48}},"4":{"start":{"line":22,"column":14},"end":{"line":25,"column":1}},"5":{"start":{"line":24,"column":3},"end":{"line":24,"column":47}},"6":{"start":{"line":27,"column":14},"end":{"line":30,"column":1}},"7":{"start":{"line":29,"column":2},"end":{"line":29,"column":47}},"8":{"start":{"line":33,"column":16},"end":{"line":36,"column":1}},"9":{"start":{"line":35,"column":2},"end":{"line":35,"column":32}},"10":{"start":{"line":38,"column":16},"end":{"line":40,"column":1}},"11":{"start":{"line":39,"column":2},"end":{"line":39,"column":22}},"12":{"start":{"line":43,"column":0},"end":{"line":43,"column":26}},"13":{"start":{"line":44,"column":0},"end":{"line":44,"column":26}},"14":{"start":{"line":45,"column":0},"end":{"line":45,"column":30}},"15":{"start":{"line":46,"column":0},"end":{"line":46,"column":26}}},"fnMap":{"0":{"name":"(anonymous_0)","decl":{"start":{"line":22,"column":14},"end":{"line":22,"column":15}},"loc":{"start":{"line":22,"column":28},"end":{"line":25,"column":1}},"line":22},"1":{"name":"(anonymous_1)","decl":{"start":{"line":27,"column":14},"end":{"line":27,"column":15}},"loc":{"start":{"line":27,"column":32},"end":{"line":30,"column":1}},"line":27},"2":{"name":"(anonymous_2)","decl":{"start":{"line":33,"column":16},"end":{"line":33,"column":17}},"loc":{"start":{"line":33,"column":37},"end":{"line":36,"column":1}},"line":33},"3":{"name":"(anonymous_3)","decl":{"start":{"line":38,"column":16},"end":{"line":38,"column":17}},"loc":{"start":{"line":38,"column":24},"end":{"line":40,"column":1}},"line":38}},"branchMap":{},"s":{"0":1,"1":1,"2":1,"3":1,"4":1,"5":0,"6":1,"7":6,"8":1,"9":0,"10":1,"11":0,"12":1,"13":1,"14":1,"15":1},"f":{"0":0,"1":6,"2":0,"3":0},"b":{},"_coverageSchema":"332fd63041d2c1bcb487cc26dd0d5f7d97098a6c","hash":"e7eb50cb5bc0f35a3bd303a8cfb51b6f25ce5325"}
}
