TN:
SF:/Users/oliverhan/dev/front-end-capstone/reviews/client/components/Description.jsx
FN:7,(anonymous_0)
FN:23,(anonymous_1)
FN:28,(anonymous_2)
FN:33,(anonymous_3)
FN:37,(anonymous_4)
FN:50,(anonymous_5)
FN:55,(anonymous_6)
FNF:7
FNH:6
FNDA:1,(anonymous_0)
FNDA:1,(anonymous_1)
FNDA:1,(anonymous_2)
FNDA:1,(anonymous_3)
FNDA:0,(anonymous_4)
FNDA:1,(anonymous_5)
FNDA:1,(anonymous_6)
DA:8,1
DA:9,1
DA:20,1
DA:24,1
DA:29,1
DA:34,1
DA:35,1
DA:36,1
DA:38,0
DA:51,1
DA:52,1
DA:53,1
DA:55,1
DA:56,1
DA:59,1
LF:15
LH:14
BRF:0
BRH:0
end_of_record
TN:
SF:/Users/oliverhan/dev/front-end-capstone/reviews/client/components/Review.jsx
FN:5,(anonymous_0)
FN:13,(anonymous_1)
FN:20,(anonymous_2)
FN:23,(anonymous_3)
FN:44,(anonymous_4)
FNF:5
FNH:0
FNDA:0,(anonymous_0)
FNDA:0,(anonymous_1)
FNDA:0,(anonymous_2)
FNDA:0,(anonymous_3)
FNDA:0,(anonymous_4)
DA:6,0
DA:7,0
DA:11,0
DA:14,0
DA:21,0
DA:22,0
DA:23,0
DA:24,0
DA:25,0
DA:27,0
DA:28,0
DA:29,0
DA:36,0
DA:37,0
DA:39,0
DA:44,0
LF:16
LH:0
BRDA:28,0,0,0
BRDA:28,0,1,0
BRDA:36,1,0,0
BRDA:36,1,1,0
BRF:4
BRH:0
end_of_record
TN:
SF:/Users/oliverhan/dev/front-end-capstone/reviews/client/components/Reviews.jsx
FN:38,(anonymous_0)
FN:51,(anonymous_1)
FN:55,(anonymous_2)
FN:59,(anonymous_3)
FN:63,(anonymous_4)
FN:67,(anonymous_5)
FN:71,(anonymous_6)
FN:80,(anonymous_7)
FN:82,(anonymous_8)
FN:97,(anonymous_9)
FN:105,(anonymous_10)
FN:126,(anonymous_11)
FNF:12
FNH:5
FNDA:1,(anonymous_0)
FNDA:1,(anonymous_1)
FNDA:0,(anonymous_2)
FNDA:0,(anonymous_3)
FNDA:0,(anonymous_4)
FNDA:1,(anonymous_5)
FNDA:0,(anonymous_6)
FNDA:1,(anonymous_7)
FNDA:2,(anonymous_8)
FNDA:0,(anonymous_9)
FNDA:0,(anonymous_10)
FNDA:0,(anonymous_11)
DA:8,1
DA:39,1
DA:41,1
DA:46,1
DA:47,1
DA:48,1
DA:49,1
DA:52,1
DA:56,0
DA:60,0
DA:64,0
DA:68,1
DA:69,1
DA:70,1
DA:73,0
DA:81,1
DA:82,1
DA:83,2
DA:84,2
DA:87,1
DA:97,0
DA:106,0
DA:127,0
LF:23
LH:16
BRF:0
BRH:0
end_of_record
TN:
SF:/Users/oliverhan/dev/front-end-capstone/reviews/db/models/store.js
FN:22,(anonymous_0)
FN:27,(anonymous_1)
FN:33,(anonymous_2)
FN:38,(anonymous_3)
FNF:4
FNH:1
FNDA:0,(anonymous_0)
FNDA:6,(anonymous_1)
FNDA:0,(anonymous_2)
FNDA:0,(anonymous_3)
DA:1,1
DA:2,1
DA:4,1
DA:20,1
DA:22,1
DA:24,0
DA:27,1
DA:29,6
DA:33,1
DA:35,0
DA:38,1
DA:39,0
DA:43,1
DA:44,1
DA:45,1
DA:46,1
LF:16
LH:13
BRF:0
BRH:0
end_of_record
