TN:
SF:/Users/oliverhan/dev/front-end-capstone/reviews/client/components/Description.jsx
FN:7,(anonymous_0)
FN:23,(anonymous_1)
FN:28,(anonymous_2)
FN:33,(anonymous_3)
FN:37,(anonymous_4)
FN:46,(anonymous_5)
FN:53,(anonymous_6)
FN:58,(anonymous_7)
FNF:8
FNH:6
FNDA:1,(anonymous_0)
FNDA:1,(anonymous_1)
FNDA:1,(anonymous_2)
FNDA:1,(anonymous_3)
FNDA:0,(anonymous_4)
FNDA:0,(anonymous_5)
FNDA:1,(anonymous_6)
FNDA:1,(anonymous_7)
DA:8,1
DA:9,1
DA:20,1
DA:24,1
DA:29,1
DA:34,1
DA:35,1
DA:36,1
DA:38,0
DA:47,0
DA:54,1
DA:55,1
DA:56,1
DA:58,1
DA:59,1
DA:62,1
LF:16
LH:14
BRF:0
BRH:0
end_of_record
TN:
SF:/Users/oliverhan/dev/front-end-capstone/reviews/client/components/Review.jsx
FN:5,(anonymous_0)
FN:13,(anonymous_1)
FN:20,(anonymous_2)
FN:23,(anonymous_3)
FN:44,(anonymous_4)
FNF:5
FNH:3
FNDA:2,(anonymous_0)
FNDA:0,(anonymous_1)
FNDA:2,(anonymous_2)
FNDA:2,(anonymous_3)
FNDA:0,(anonymous_4)
DA:6,2
DA:7,2
DA:11,2
DA:14,0
DA:21,2
DA:22,2
DA:23,2
DA:24,2
DA:25,2
DA:27,2
DA:28,2
DA:29,2
DA:36,0
DA:37,0
DA:39,2
DA:44,0
LF:16
LH:12
BRDA:28,0,0,2
BRDA:28,0,1,0
BRDA:36,1,0,0
BRDA:36,1,1,0
BRF:4
BRH:1
end_of_record
TN:
SF:/Users/oliverhan/dev/front-end-capstone/reviews/client/components/Reviews.jsx
FN:38,(anonymous_0)
FN:51,(anonymous_1)
FN:55,(anonymous_2)
FN:59,(anonymous_3)
FN:63,(anonymous_4)
FN:67,(anonymous_5)
FN:71,(anonymous_6)
FN:78,(anonymous_7)
FN:83,(anonymous_8)
FN:85,(anonymous_9)
FN:100,(anonymous_10)
FN:108,(anonymous_11)
FN:129,(anonymous_12)
FNF:13
FNH:5
FNDA:1,(anonymous_0)
FNDA:1,(anonymous_1)
FNDA:0,(anonymous_2)
FNDA:0,(anonymous_3)
FNDA:0,(anonymous_4)
FNDA:1,(anonymous_5)
FNDA:0,(anonymous_6)
FNDA:0,(anonymous_7)
FNDA:1,(anonymous_8)
FNDA:2,(anonymous_9)
FNDA:0,(anonymous_10)
FNDA:0,(anonymous_11)
FNDA:0,(anonymous_12)
DA:8,1
DA:39,1
DA:41,1
DA:46,1
DA:47,1
DA:48,1
DA:49,1
DA:52,1
DA:56,0
DA:60,0
DA:64,0
DA:68,1
DA:69,1
DA:70,1
DA:73,0
DA:79,0
DA:84,1
DA:85,1
DA:86,2
DA:87,2
DA:90,1
DA:100,0
DA:109,0
DA:130,0
LF:24
LH:16
BRF:0
BRH:0
end_of_record
TN:
SF:/Users/oliverhan/dev/front-end-capstone/reviews/db/models/store.js
FN:22,(anonymous_0)
FN:27,(anonymous_1)
FN:33,(anonymous_2)
FN:38,(anonymous_3)
FNF:4
FNH:1
FNDA:0,(anonymous_0)
FNDA:6,(anonymous_1)
FNDA:0,(anonymous_2)
FNDA:0,(anonymous_3)
DA:1,1
DA:2,1
DA:4,1
DA:20,1
DA:22,1
DA:24,0
DA:27,1
DA:29,6
DA:33,1
DA:35,0
DA:38,1
DA:39,0
DA:43,1
DA:44,1
DA:45,1
DA:46,1
LF:16
LH:13
BRF:0
BRH:0
end_of_record
